<?xml version="1.0" encoding="UTF-8"?>
<testng-results skipped="0" failed="3" ignored="0" total="19" passed="16">
  <reporter-output>
  </reporter-output>
  <suite name="Surefire suite" duration-ms="278438" started-at="2022-12-05T23:09:11 EET" finished-at="2022-12-05T23:13:49 EET">
    <groups>
      <group name="cucumber">
        <method signature="AbstractTestNGCucumberTests.runScenario(io.cucumber.testng.PickleWrapper,io.cucumber.testng.FeatureWrapper)[pri:0, instance:org.example.testRunners.TestRunner@36b4cef0]" name="runScenario" class="io.cucumber.testng.AbstractTestNGCucumberTests"/>
      </group> <!-- cucumber -->
    </groups>
    <test name="Surefire test" duration-ms="278438" started-at="2022-12-05T23:09:11 EET" finished-at="2022-12-05T23:13:49 EET">
      <class name="org.example.testRunners.TestRunner">
        <test-method status="PASS" signature="setUpClass(org.testng.ITestContext)[pri:0, instance:org.example.testRunners.TestRunner@36b4cef0]" name="setUpClass" is-config="true" duration-ms="783" started-at="2022-12-05T23:09:11 EET" finished-at="2022-12-05T23:09:12 EET">
          <params>
            <param index="0">
              <value>
                <![CDATA[org.testng.TestRunner@1544ded3]]>
              </value>
            </param>
          </params>
          <reporter-output>
          </reporter-output>
        </test-method> <!-- setUpClass -->
        <test-method status="PASS" signature="runScenario(io.cucumber.testng.PickleWrapper,io.cucumber.testng.FeatureWrapper)[pri:0, instance:org.example.testRunners.TestRunner@36b4cef0]" name="runScenario" duration-ms="13486" started-at="2022-12-05T23:09:12 EET" description="Runs Cucumber Scenarios" data-provider="scenarios" finished-at="2022-12-05T23:09:25 EET">
          <params>
            <param index="0">
              <value>
                <![CDATA["User register by entering valid data"]]>
              </value>
            </param>
            <param index="1">
              <value>
                <![CDATA["user could register with a new account"]]>
              </value>
            </param>
          </params>
          <reporter-output>
          </reporter-output>
        </test-method> <!-- runScenario -->
        <test-method status="PASS" signature="runScenario(io.cucumber.testng.PickleWrapper,io.cucumber.testng.FeatureWrapper)[pri:0, instance:org.example.testRunners.TestRunner@36b4cef0]" name="runScenario" duration-ms="11103" started-at="2022-12-05T23:09:25 EET" description="Runs Cucumber Scenarios" data-provider="scenarios" finished-at="2022-12-05T23:09:36 EET">
          <params>
            <param index="0">
              <value>
                <![CDATA["user login with valid email and password"]]>
              </value>
            </param>
            <param index="1">
              <value>
                <![CDATA["user login to the web application"]]>
              </value>
            </param>
          </params>
          <reporter-output>
          </reporter-output>
        </test-method> <!-- runScenario -->
        <test-method status="PASS" signature="runScenario(io.cucumber.testng.PickleWrapper,io.cucumber.testng.FeatureWrapper)[pri:0, instance:org.example.testRunners.TestRunner@36b4cef0]" name="runScenario" duration-ms="10582" started-at="2022-12-05T23:09:36 EET" description="Runs Cucumber Scenarios" data-provider="scenarios" finished-at="2022-12-05T23:09:47 EET">
          <params>
            <param index="0">
              <value>
                <![CDATA["user login with invalid email and password"]]>
              </value>
            </param>
            <param index="1">
              <value>
                <![CDATA["user login to the web application"]]>
              </value>
            </param>
          </params>
          <reporter-output>
          </reporter-output>
        </test-method> <!-- runScenario -->
        <test-method status="PASS" signature="runScenario(io.cucumber.testng.PickleWrapper,io.cucumber.testng.FeatureWrapper)[pri:0, instance:org.example.testRunners.TestRunner@36b4cef0]" name="runScenario" duration-ms="10172" started-at="2022-12-05T23:09:47 EET" description="Runs Cucumber Scenarios" data-provider="scenarios" finished-at="2022-12-05T23:09:57 EET">
          <params>
            <param index="0">
              <value>
                <![CDATA["user select euro from currency"]]>
              </value>
            </param>
            <param index="1">
              <value>
                <![CDATA["validate currency function"]]>
              </value>
            </param>
          </params>
          <reporter-output>
          </reporter-output>
        </test-method> <!-- runScenario -->
        <test-method status="PASS" signature="runScenario(io.cucumber.testng.PickleWrapper,io.cucumber.testng.FeatureWrapper)[pri:0, instance:org.example.testRunners.TestRunner@36b4cef0]" name="runScenario" duration-ms="11135" started-at="2022-12-05T23:09:57 EET" description="Runs Cucumber Scenarios" data-provider="scenarios" finished-at="2022-12-05T23:10:08 EET">
          <params>
            <param index="0">
              <value>
                <![CDATA["user should be able to search with product name"]]>
              </value>
            </param>
            <param index="1">
              <value>
                <![CDATA[": user should be able to search for products"]]>
              </value>
            </param>
          </params>
          <reporter-output>
          </reporter-output>
        </test-method> <!-- runScenario -->
        <test-method status="PASS" signature="runScenario(io.cucumber.testng.PickleWrapper,io.cucumber.testng.FeatureWrapper)[pri:0, instance:org.example.testRunners.TestRunner@36b4cef0]" name="runScenario" duration-ms="9818" started-at="2022-12-05T23:10:08 EET" description="Runs Cucumber Scenarios" data-provider="scenarios" finished-at="2022-12-05T23:10:18 EET">
          <params>
            <param index="0">
              <value>
                <![CDATA["user should be able to search with product name"]]>
              </value>
            </param>
            <param index="1">
              <value>
                <![CDATA[": user should be able to search for products"]]>
              </value>
            </param>
          </params>
          <reporter-output>
          </reporter-output>
        </test-method> <!-- runScenario -->
        <test-method status="PASS" signature="runScenario(io.cucumber.testng.PickleWrapper,io.cucumber.testng.FeatureWrapper)[pri:0, instance:org.example.testRunners.TestRunner@36b4cef0]" name="runScenario" duration-ms="10605" started-at="2022-12-05T23:10:18 EET" description="Runs Cucumber Scenarios" data-provider="scenarios" finished-at="2022-12-05T23:10:29 EET">
          <params>
            <param index="0">
              <value>
                <![CDATA["user should be able to search with product name"]]>
              </value>
            </param>
            <param index="1">
              <value>
                <![CDATA[": user should be able to search for products"]]>
              </value>
            </param>
          </params>
          <reporter-output>
          </reporter-output>
        </test-method> <!-- runScenario -->
        <test-method status="PASS" signature="runScenario(io.cucumber.testng.PickleWrapper,io.cucumber.testng.FeatureWrapper)[pri:0, instance:org.example.testRunners.TestRunner@36b4cef0]" name="runScenario" duration-ms="13162" started-at="2022-12-05T23:10:29 EET" description="Runs Cucumber Scenarios" data-provider="scenarios" finished-at="2022-12-05T23:10:42 EET">
          <params>
            <param index="0">
              <value>
                <![CDATA["user should be able to search with sku"]]>
              </value>
            </param>
            <param index="1">
              <value>
                <![CDATA[": user should be able to search for products"]]>
              </value>
            </param>
          </params>
          <reporter-output>
          </reporter-output>
        </test-method> <!-- runScenario -->
        <test-method status="PASS" signature="runScenario(io.cucumber.testng.PickleWrapper,io.cucumber.testng.FeatureWrapper)[pri:0, instance:org.example.testRunners.TestRunner@36b4cef0]" name="runScenario" duration-ms="13660" started-at="2022-12-05T23:10:42 EET" description="Runs Cucumber Scenarios" data-provider="scenarios" finished-at="2022-12-05T23:10:56 EET">
          <params>
            <param index="0">
              <value>
                <![CDATA["user should be able to search with sku"]]>
              </value>
            </param>
            <param index="1">
              <value>
                <![CDATA[": user should be able to search for products"]]>
              </value>
            </param>
          </params>
          <reporter-output>
          </reporter-output>
        </test-method> <!-- runScenario -->
        <test-method status="PASS" signature="runScenario(io.cucumber.testng.PickleWrapper,io.cucumber.testng.FeatureWrapper)[pri:0, instance:org.example.testRunners.TestRunner@36b4cef0]" name="runScenario" duration-ms="12864" started-at="2022-12-05T23:10:56 EET" description="Runs Cucumber Scenarios" data-provider="scenarios" finished-at="2022-12-05T23:11:08 EET">
          <params>
            <param index="0">
              <value>
                <![CDATA["user should be able to search with sku"]]>
              </value>
            </param>
            <param index="1">
              <value>
                <![CDATA[": user should be able to search for products"]]>
              </value>
            </param>
          </params>
          <reporter-output>
          </reporter-output>
        </test-method> <!-- runScenario -->
        <test-method status="PASS" signature="runScenario(io.cucumber.testng.PickleWrapper,io.cucumber.testng.FeatureWrapper)[pri:0, instance:org.example.testRunners.TestRunner@36b4cef0]" name="runScenario" duration-ms="10389" started-at="2022-12-05T23:11:08 EET" description="Runs Cucumber Scenarios" data-provider="scenarios" finished-at="2022-12-05T23:11:19 EET">
          <params>
            <param index="0">
              <value>
                <![CDATA["user use hover to select a category and click on a cub category"]]>
              </value>
            </param>
            <param index="1">
              <value>
                <![CDATA["user should select a subcategory from a main category"]]>
              </value>
            </param>
          </params>
          <reporter-output>
          </reporter-output>
        </test-method> <!-- runScenario -->
        <test-method status="FAIL" signature="runScenario(io.cucumber.testng.PickleWrapper,io.cucumber.testng.FeatureWrapper)[pri:0, instance:org.example.testRunners.TestRunner@36b4cef0]" name="runScenario" duration-ms="18782" started-at="2022-12-05T23:11:19 EET" description="Runs Cucumber Scenarios" data-provider="scenarios" finished-at="2022-12-05T23:11:38 EET">
          <params>
            <param index="0">
              <value>
                <![CDATA["user should be able to click on first slider"]]>
              </value>
            </param>
            <param index="1">
              <value>
                <![CDATA["validating homeSlider feature"]]>
              </value>
            </param>
          </params>
          <exception class="org.openqa.selenium.TimeoutException">
            <message>
              <![CDATA[Expected condition failed: waiting for url to be "https://demo.nopcommerce.com/nokia-lumia-1020". Current url: "https://demo.nopcommerce.com/" (tried for 10 second(s) with 500 milliseconds interval)
Build info: version: '4.6.0', revision: '79f1c02ae20'
System info: os.name: 'Windows 10', os.arch: 'amd64', os.version: '10.0', java.version: '1.8.0_341'
Driver info: org.openqa.selenium.chrome.ChromeDriver
Capabilities {acceptInsecureCerts: false, browserName: chrome, browserVersion: 108.0.5359.73, chrome: {chromedriverVersion: 107.0.5304.62 (1eec40d3a576..., userDataDir: C:\Users\BMT\AppData\Local\...}, goog:chromeOptions: {debuggerAddress: localhost:59343}, networkConnectionEnabled: false, pageLoadStrategy: normal, platformName: WINDOWS, proxy: Proxy(), se:cdp: ws://localhost:59343/devtoo..., se:cdpVersion: 108.0.5359.73, setWindowRect: true, strictFileInteractability: false, timeouts: {implicit: 0, pageLoad: 300000, script: 30000}, unhandledPromptBehavior: dismiss and notify, webauthn:extension:credBlob: true, webauthn:extension:largeBlob: true, webauthn:virtualAuthenticators: true}
Session ID: 27cccff43b115a377678518c950bfd09]]>
            </message>
            <full-stacktrace>
              <![CDATA[org.openqa.selenium.TimeoutException: Expected condition failed: waiting for url to be "https://demo.nopcommerce.com/nokia-lumia-1020". Current url: "https://demo.nopcommerce.com/" (tried for 10 second(s) with 500 milliseconds interval)
Build info: version: '4.6.0', revision: '79f1c02ae20'
System info: os.name: 'Windows 10', os.arch: 'amd64', os.version: '10.0', java.version: '1.8.0_341'
Driver info: org.openqa.selenium.chrome.ChromeDriver
Capabilities {acceptInsecureCerts: false, browserName: chrome, browserVersion: 108.0.5359.73, chrome: {chromedriverVersion: 107.0.5304.62 (1eec40d3a576..., userDataDir: C:\Users\BMT\AppData\Local\...}, goog:chromeOptions: {debuggerAddress: localhost:59343}, networkConnectionEnabled: false, pageLoadStrategy: normal, platformName: WINDOWS, proxy: Proxy(), se:cdp: ws://localhost:59343/devtoo..., se:cdpVersion: 108.0.5359.73, setWindowRect: true, strictFileInteractability: false, timeouts: {implicit: 0, pageLoad: 300000, script: 30000}, unhandledPromptBehavior: dismiss and notify, webauthn:extension:credBlob: true, webauthn:extension:largeBlob: true, webauthn:virtualAuthenticators: true}
Session ID: 27cccff43b115a377678518c950bfd09
at org.openqa.selenium.support.ui.WebDriverWait.timeoutException(WebDriverWait.java:87)
at org.openqa.selenium.support.ui.FluentWait.until(FluentWait.java:231)
at org.example.stepDefinitions.HomeSliderStepDefinition.userNavigatesFirstSliderProductPage(HomeSliderStepDefinition.java:26)
at ✽.user navigates first slider product page(file:///C:/Users/BMT/IdeaProjects/nopcommerceProject/src/main/resources/features/F06_HomeSliders.feature:7)
]]>
            </full-stacktrace>
          </exception> <!-- org.openqa.selenium.TimeoutException -->
          <reporter-output>
          </reporter-output>
        </test-method> <!-- runScenario -->
        <test-method status="FAIL" signature="runScenario(io.cucumber.testng.PickleWrapper,io.cucumber.testng.FeatureWrapper)[pri:0, instance:org.example.testRunners.TestRunner@36b4cef0]" name="runScenario" duration-ms="21824" started-at="2022-12-05T23:11:38 EET" description="Runs Cucumber Scenarios" data-provider="scenarios" finished-at="2022-12-05T23:11:59 EET">
          <params>
            <param index="0">
              <value>
                <![CDATA["user should be able to click on second slider"]]>
              </value>
            </param>
            <param index="1">
              <value>
                <![CDATA["validating homeSlider feature"]]>
              </value>
            </param>
          </params>
          <exception class="org.openqa.selenium.TimeoutException">
            <message>
              <![CDATA[Expected condition failed: waiting for url to be "https://demo.nopcommerce.com/iphone-6". Current url: "https://demo.nopcommerce.com/" (tried for 10 second(s) with 500 milliseconds interval)
Build info: version: '4.6.0', revision: '79f1c02ae20'
System info: os.name: 'Windows 10', os.arch: 'amd64', os.version: '10.0', java.version: '1.8.0_341'
Driver info: org.openqa.selenium.chrome.ChromeDriver
Capabilities {acceptInsecureCerts: false, browserName: chrome, browserVersion: 108.0.5359.73, chrome: {chromedriverVersion: 107.0.5304.62 (1eec40d3a576..., userDataDir: C:\Users\BMT\AppData\Local\...}, goog:chromeOptions: {debuggerAddress: localhost:59371}, networkConnectionEnabled: false, pageLoadStrategy: normal, platformName: WINDOWS, proxy: Proxy(), se:cdp: ws://localhost:59371/devtoo..., se:cdpVersion: 108.0.5359.73, setWindowRect: true, strictFileInteractability: false, timeouts: {implicit: 0, pageLoad: 300000, script: 30000}, unhandledPromptBehavior: dismiss and notify, webauthn:extension:credBlob: true, webauthn:extension:largeBlob: true, webauthn:virtualAuthenticators: true}
Session ID: 553e81077ad5f9d240d67741de0d4770]]>
            </message>
            <full-stacktrace>
              <![CDATA[org.openqa.selenium.TimeoutException: Expected condition failed: waiting for url to be "https://demo.nopcommerce.com/iphone-6". Current url: "https://demo.nopcommerce.com/" (tried for 10 second(s) with 500 milliseconds interval)
Build info: version: '4.6.0', revision: '79f1c02ae20'
System info: os.name: 'Windows 10', os.arch: 'amd64', os.version: '10.0', java.version: '1.8.0_341'
Driver info: org.openqa.selenium.chrome.ChromeDriver
Capabilities {acceptInsecureCerts: false, browserName: chrome, browserVersion: 108.0.5359.73, chrome: {chromedriverVersion: 107.0.5304.62 (1eec40d3a576..., userDataDir: C:\Users\BMT\AppData\Local\...}, goog:chromeOptions: {debuggerAddress: localhost:59371}, networkConnectionEnabled: false, pageLoadStrategy: normal, platformName: WINDOWS, proxy: Proxy(), se:cdp: ws://localhost:59371/devtoo..., se:cdpVersion: 108.0.5359.73, setWindowRect: true, strictFileInteractability: false, timeouts: {implicit: 0, pageLoad: 300000, script: 30000}, unhandledPromptBehavior: dismiss and notify, webauthn:extension:credBlob: true, webauthn:extension:largeBlob: true, webauthn:virtualAuthenticators: true}
Session ID: 553e81077ad5f9d240d67741de0d4770
at org.openqa.selenium.support.ui.WebDriverWait.timeoutException(WebDriverWait.java:87)
at org.openqa.selenium.support.ui.FluentWait.until(FluentWait.java:231)
at org.example.stepDefinitions.HomeSliderStepDefinition.userNavigatesSecondSliderProductPage(HomeSliderStepDefinition.java:49)
at ✽.user navigates second slider product page(file:///C:/Users/BMT/IdeaProjects/nopcommerceProject/src/main/resources/features/F06_HomeSliders.feature:13)
]]>
            </full-stacktrace>
          </exception> <!-- org.openqa.selenium.TimeoutException -->
          <reporter-output>
          </reporter-output>
        </test-method> <!-- runScenario -->
        <test-method status="PASS" signature="runScenario(io.cucumber.testng.PickleWrapper,io.cucumber.testng.FeatureWrapper)[pri:0, instance:org.example.testRunners.TestRunner@36b4cef0]" name="runScenario" duration-ms="27501" started-at="2022-12-05T23:11:59 EET" description="Runs Cucumber Scenarios" data-provider="scenarios" finished-at="2022-12-05T23:12:27 EET">
          <params>
            <param index="0">
              <value>
                <![CDATA["user should be able to click on facebook link"]]>
              </value>
            </param>
            <param index="1">
              <value>
                <![CDATA["Validating follow us feature"]]>
              </value>
            </param>
          </params>
          <reporter-output>
          </reporter-output>
        </test-method> <!-- runScenario -->
        <test-method status="PASS" signature="runScenario(io.cucumber.testng.PickleWrapper,io.cucumber.testng.FeatureWrapper)[pri:0, instance:org.example.testRunners.TestRunner@36b4cef0]" name="runScenario" duration-ms="12843" started-at="2022-12-05T23:12:27 EET" description="Runs Cucumber Scenarios" data-provider="scenarios" finished-at="2022-12-05T23:12:40 EET">
          <params>
            <param index="0">
              <value>
                <![CDATA["user should be able to click on twitter link"]]>
              </value>
            </param>
            <param index="1">
              <value>
                <![CDATA["Validating follow us feature"]]>
              </value>
            </param>
          </params>
          <reporter-output>
          </reporter-output>
        </test-method> <!-- runScenario -->
        <test-method status="FAIL" signature="runScenario(io.cucumber.testng.PickleWrapper,io.cucumber.testng.FeatureWrapper)[pri:0, instance:org.example.testRunners.TestRunner@36b4cef0]" name="runScenario" duration-ms="8729" started-at="2022-12-05T23:12:40 EET" description="Runs Cucumber Scenarios" data-provider="scenarios" finished-at="2022-12-05T23:12:49 EET">
          <params>
            <param index="0">
              <value>
                <![CDATA["user should be able to click on rrs link"]]>
              </value>
            </param>
            <param index="1">
              <value>
                <![CDATA["Validating follow us feature"]]>
              </value>
            </param>
          </params>
          <exception class="java.util.NoSuchElementException">
            <full-stacktrace>
              <![CDATA[java.util.NoSuchElementException
at java.util.LinkedHashMap$LinkedHashIterator.nextNode(LinkedHashMap.java:721)
at java.util.LinkedHashMap$LinkedKeyIterator.next(LinkedHashMap.java:742)
at org.example.stepDefinitions.followUsStepDefinition.userShouldNavigateToRrsWebsite(followUsStepDefinition.java:64)
at ✽.user should navigate to rrs website(file:///C:/Users/BMT/IdeaProjects/nopcommerceProject/src/main/resources/features/F07_followUs.feature:16)
]]>
            </full-stacktrace>
          </exception> <!-- java.util.NoSuchElementException -->
          <reporter-output>
          </reporter-output>
        </test-method> <!-- runScenario -->
        <test-method status="PASS" signature="runScenario(io.cucumber.testng.PickleWrapper,io.cucumber.testng.FeatureWrapper)[pri:0, instance:org.example.testRunners.TestRunner@36b4cef0]" name="runScenario" duration-ms="25826" started-at="2022-12-05T23:12:49 EET" description="Runs Cucumber Scenarios" data-provider="scenarios" finished-at="2022-12-05T23:13:14 EET">
          <params>
            <param index="0">
              <value>
                <![CDATA["user should be able to click on youtube link"]]>
              </value>
            </param>
            <param index="1">
              <value>
                <![CDATA["Validating follow us feature"]]>
              </value>
            </param>
          </params>
          <reporter-output>
          </reporter-output>
        </test-method> <!-- runScenario -->
        <test-method status="PASS" signature="runScenario(io.cucumber.testng.PickleWrapper,io.cucumber.testng.FeatureWrapper)[pri:0, instance:org.example.testRunners.TestRunner@36b4cef0]" name="runScenario" duration-ms="10042" started-at="2022-12-05T23:13:14 EET" description="Runs Cucumber Scenarios" data-provider="scenarios" finished-at="2022-12-05T23:13:24 EET">
          <params>
            <param index="0">
              <value>
                <![CDATA["user should be able to add  products to wishlist"]]>
              </value>
            </param>
            <param index="1">
              <value>
                <![CDATA["Validating wishlist feature"]]>
              </value>
            </param>
          </params>
          <reporter-output>
          </reporter-output>
        </test-method> <!-- runScenario -->
        <test-method status="PASS" signature="runScenario(io.cucumber.testng.PickleWrapper,io.cucumber.testng.FeatureWrapper)[pri:0, instance:org.example.testRunners.TestRunner@36b4cef0]" name="runScenario" duration-ms="24908" started-at="2022-12-05T23:13:24 EET" description="Runs Cucumber Scenarios" data-provider="scenarios" finished-at="2022-12-05T23:13:49 EET">
          <params>
            <param index="0">
              <value>
                <![CDATA["product should be displayed in wishlist page"]]>
              </value>
            </param>
            <param index="1">
              <value>
                <![CDATA["Validating wishlist feature"]]>
              </value>
            </param>
          </params>
          <reporter-output>
          </reporter-output>
        </test-method> <!-- runScenario -->
        <test-method status="PASS" signature="tearDownClass()[pri:0, instance:org.example.testRunners.TestRunner@36b4cef0]" name="tearDownClass" is-config="true" duration-ms="165" started-at="2022-12-05T23:13:49 EET" finished-at="2022-12-05T23:13:49 EET">
          <reporter-output>
          </reporter-output>
        </test-method> <!-- tearDownClass -->
      </class> <!-- org.example.testRunners.TestRunner -->
    </test> <!-- Surefire test -->
  </suite> <!-- Surefire suite -->
</testng-results>
