<?xml version="1.0" encoding="UTF-8"?>
<!-- Generated by org.testng.reporters.JUnitReportReporter -->
<testsuite skipped="0" hostname="DESKTOP-6O8T6P5" name="org.example.testRunners.TestRunner" tests="19" failures="0" timestamp="2022-12-05T23:13:50 EET" time="277.431" errors="3">
  <testcase name="runScenario" time="18.782" classname="org.example.testRunners.TestRunner">
    <error type="org.openqa.selenium.TimeoutException" message="Expected condition failed: waiting for url to be &quot;https://demo.nopcommerce.com/nokia-lumia-1020&quot;. Current url: &quot;https://demo.nopcommerce.com/&quot; (tried for 10 second(s) with 500 milliseconds interval)
Build info: version: &#039;4.6.0&#039;, revision: &#039;79f1c02ae20&#039;
System info: os.name: &#039;Windows 10&#039;, os.arch: &#039;amd64&#039;, os.version: &#039;10.0&#039;, java.version: &#039;1.8.0_341&#039;
Driver info: org.openqa.selenium.chrome.ChromeDriver
Capabilities {acceptInsecureCerts: false, browserName: chrome, browserVersion: 108.0.5359.73, chrome: {chromedriverVersion: 107.0.5304.62 (1eec40d3a576..., userDataDir: C:\Users\BMT\AppData\Local\...}, goog:chromeOptions: {debuggerAddress: localhost:59343}, networkConnectionEnabled: false, pageLoadStrategy: normal, platformName: WINDOWS, proxy: Proxy(), se:cdp: ws://localhost:59343/devtoo..., se:cdpVersion: 108.0.5359.73, setWindowRect: true, strictFileInteractability: false, timeouts: {implicit: 0, pageLoad: 300000, script: 30000}, unhandledPromptBehavior: dismiss and notify, webauthn:extension:credBlob: true, webauthn:extension:largeBlob: true, webauthn:virtualAuthenticators: true}
Session ID: 27cccff43b115a377678518c950bfd09">
      <![CDATA[org.openqa.selenium.TimeoutException: Expected condition failed: waiting for url to be "https://demo.nopcommerce.com/nokia-lumia-1020". Current url: "https://demo.nopcommerce.com/" (tried for 10 second(s) with 500 milliseconds interval)
Build info: version: '4.6.0', revision: '79f1c02ae20'
System info: os.name: 'Windows 10', os.arch: 'amd64', os.version: '10.0', java.version: '1.8.0_341'
Driver info: org.openqa.selenium.chrome.ChromeDriver
Capabilities {acceptInsecureCerts: false, browserName: chrome, browserVersion: 108.0.5359.73, chrome: {chromedriverVersion: 107.0.5304.62 (1eec40d3a576..., userDataDir: C:\Users\BMT\AppData\Local\...}, goog:chromeOptions: {debuggerAddress: localhost:59343}, networkConnectionEnabled: false, pageLoadStrategy: normal, platformName: WINDOWS, proxy: Proxy(), se:cdp: ws://localhost:59343/devtoo..., se:cdpVersion: 108.0.5359.73, setWindowRect: true, strictFileInteractability: false, timeouts: {implicit: 0, pageLoad: 300000, script: 30000}, unhandledPromptBehavior: dismiss and notify, webauthn:extension:credBlob: true, webauthn:extension:largeBlob: true, webauthn:virtualAuthenticators: true}
Session ID: 27cccff43b115a377678518c950bfd09
at org.openqa.selenium.support.ui.WebDriverWait.timeoutException(WebDriverWait.java:87)
at org.openqa.selenium.support.ui.FluentWait.until(FluentWait.java:231)
at org.example.stepDefinitions.HomeSliderStepDefinition.userNavigatesFirstSliderProductPage(HomeSliderStepDefinition.java:26)
at ✽.user navigates first slider product page(file:///C:/Users/BMT/IdeaProjects/nopcommerceProject/src/main/resources/features/F06_HomeSliders.feature:7)
]]>
    </error>
  </testcase> <!-- runScenario -->
  <system-out/>
  <testcase name="runScenario" time="9.818" classname="org.example.testRunners.TestRunner"/>
  <system-out/>
  <testcase name="runScenario" time="13.486" classname="org.example.testRunners.TestRunner"/>
  <system-out/>
  <testcase name="runScenario" time="10.605" classname="org.example.testRunners.TestRunner"/>
  <system-out/>
  <testcase name="runScenario" time="21.824" classname="org.example.testRunners.TestRunner">
    <error type="org.openqa.selenium.TimeoutException" message="Expected condition failed: waiting for url to be &quot;https://demo.nopcommerce.com/iphone-6&quot;. Current url: &quot;https://demo.nopcommerce.com/&quot; (tried for 10 second(s) with 500 milliseconds interval)
Build info: version: &#039;4.6.0&#039;, revision: &#039;79f1c02ae20&#039;
System info: os.name: &#039;Windows 10&#039;, os.arch: &#039;amd64&#039;, os.version: &#039;10.0&#039;, java.version: &#039;1.8.0_341&#039;
Driver info: org.openqa.selenium.chrome.ChromeDriver
Capabilities {acceptInsecureCerts: false, browserName: chrome, browserVersion: 108.0.5359.73, chrome: {chromedriverVersion: 107.0.5304.62 (1eec40d3a576..., userDataDir: C:\Users\BMT\AppData\Local\...}, goog:chromeOptions: {debuggerAddress: localhost:59371}, networkConnectionEnabled: false, pageLoadStrategy: normal, platformName: WINDOWS, proxy: Proxy(), se:cdp: ws://localhost:59371/devtoo..., se:cdpVersion: 108.0.5359.73, setWindowRect: true, strictFileInteractability: false, timeouts: {implicit: 0, pageLoad: 300000, script: 30000}, unhandledPromptBehavior: dismiss and notify, webauthn:extension:credBlob: true, webauthn:extension:largeBlob: true, webauthn:virtualAuthenticators: true}
Session ID: 553e81077ad5f9d240d67741de0d4770">
      <![CDATA[org.openqa.selenium.TimeoutException: Expected condition failed: waiting for url to be "https://demo.nopcommerce.com/iphone-6". Current url: "https://demo.nopcommerce.com/" (tried for 10 second(s) with 500 milliseconds interval)
Build info: version: '4.6.0', revision: '79f1c02ae20'
System info: os.name: 'Windows 10', os.arch: 'amd64', os.version: '10.0', java.version: '1.8.0_341'
Driver info: org.openqa.selenium.chrome.ChromeDriver
Capabilities {acceptInsecureCerts: false, browserName: chrome, browserVersion: 108.0.5359.73, chrome: {chromedriverVersion: 107.0.5304.62 (1eec40d3a576..., userDataDir: C:\Users\BMT\AppData\Local\...}, goog:chromeOptions: {debuggerAddress: localhost:59371}, networkConnectionEnabled: false, pageLoadStrategy: normal, platformName: WINDOWS, proxy: Proxy(), se:cdp: ws://localhost:59371/devtoo..., se:cdpVersion: 108.0.5359.73, setWindowRect: true, strictFileInteractability: false, timeouts: {implicit: 0, pageLoad: 300000, script: 30000}, unhandledPromptBehavior: dismiss and notify, webauthn:extension:credBlob: true, webauthn:extension:largeBlob: true, webauthn:virtualAuthenticators: true}
Session ID: 553e81077ad5f9d240d67741de0d4770
at org.openqa.selenium.support.ui.WebDriverWait.timeoutException(WebDriverWait.java:87)
at org.openqa.selenium.support.ui.FluentWait.until(FluentWait.java:231)
at org.example.stepDefinitions.HomeSliderStepDefinition.userNavigatesSecondSliderProductPage(HomeSliderStepDefinition.java:49)
at ✽.user navigates second slider product page(file:///C:/Users/BMT/IdeaProjects/nopcommerceProject/src/main/resources/features/F06_HomeSliders.feature:13)
]]>
    </error>
  </testcase> <!-- runScenario -->
  <system-out/>
  <testcase name="runScenario" time="25.826" classname="org.example.testRunners.TestRunner"/>
  <system-out/>
  <testcase name="runScenario" time="12.864" classname="org.example.testRunners.TestRunner"/>
  <system-out/>
  <testcase name="runScenario" time="13.162" classname="org.example.testRunners.TestRunner"/>
  <system-out/>
  <testcase name="runScenario" time="11.103" classname="org.example.testRunners.TestRunner"/>
  <system-out/>
  <testcase name="runScenario" time="10.172" classname="org.example.testRunners.TestRunner"/>
  <system-out/>
  <testcase name="runScenario" time="12.843" classname="org.example.testRunners.TestRunner"/>
  <system-out/>
  <testcase name="runScenario" time="11.135" classname="org.example.testRunners.TestRunner"/>
  <system-out/>
  <testcase name="runScenario" time="27.501" classname="org.example.testRunners.TestRunner"/>
  <system-out/>
  <testcase name="runScenario" time="10.389" classname="org.example.testRunners.TestRunner"/>
  <system-out/>
  <testcase name="runScenario" time="24.908" classname="org.example.testRunners.TestRunner"/>
  <system-out/>
  <testcase name="runScenario" time="13.660" classname="org.example.testRunners.TestRunner"/>
  <system-out/>
  <testcase name="runScenario" time="10.042" classname="org.example.testRunners.TestRunner"/>
  <system-out/>
  <testcase name="runScenario" time="8.729" classname="org.example.testRunners.TestRunner">
    <error type="java.util.NoSuchElementException">
      <![CDATA[java.util.NoSuchElementException
at java.util.LinkedHashMap$LinkedHashIterator.nextNode(LinkedHashMap.java:721)
at java.util.LinkedHashMap$LinkedKeyIterator.next(LinkedHashMap.java:742)
at org.example.stepDefinitions.followUsStepDefinition.userShouldNavigateToRrsWebsite(followUsStepDefinition.java:64)
at ✽.user should navigate to rrs website(file:///C:/Users/BMT/IdeaProjects/nopcommerceProject/src/main/resources/features/F07_followUs.feature:16)
]]>
    </error>
  </testcase> <!-- runScenario -->
  <system-out/>
  <testcase name="runScenario" time="10.582" classname="org.example.testRunners.TestRunner"/>
  <system-out/>
</testsuite> <!-- org.example.testRunners.TestRunner -->
